0 info it worked if it ends with ok
1 verbose cli [ 'node', '/usr/local/bin/npm', 'install' ]
2 info using npm@1.4.28
3 info using node@v0.10.32
4 warn package.json ts3words@0.0.1 No description
5 warn package.json ts3words@0.0.1 No repository field.
6 warn package.json ts3words@0.0.1 No README data
7 verbose readDependencies using package.json deps
8 verbose install where, deps [ '/Users/l0k1/Documents/WebProjects/ts3words',
8 verbose install   [ 'autoprefixer',
8 verbose install     'cssnano',
8 verbose install     'cssnext',
8 verbose install     'grunt',
8 verbose install     'grunt-cli',
8 verbose install     'grunt-contrib-concat',
8 verbose install     'grunt-contrib-sass',
8 verbose install     'grunt-contrib-uglify',
8 verbose install     'grunt-contrib-watch',
8 verbose install     'grunt-newer',
8 verbose install     'grunt-postcss' ] ]
9 info preinstall ts3words@0.0.1
10 verbose readDependencies using package.json deps
11 verbose cache add [ 'cssnext@^1.8.4', null ]
12 verbose cache add name=undefined spec="cssnext@^1.8.4" args=["cssnext@^1.8.4",null]
13 verbose parsed url { protocol: null,
13 verbose parsed url   slashes: null,
13 verbose parsed url   auth: null,
13 verbose parsed url   host: null,
13 verbose parsed url   port: null,
13 verbose parsed url   hostname: null,
13 verbose parsed url   hash: null,
13 verbose parsed url   search: null,
13 verbose parsed url   query: null,
13 verbose parsed url   pathname: 'cssnext@^1.8.4',
13 verbose parsed url   path: 'cssnext@^1.8.4',
13 verbose parsed url   href: 'cssnext@^1.8.4' }
14 verbose cache add [ 'grunt@^0.4.5', null ]
15 verbose cache add name=undefined spec="grunt@^0.4.5" args=["grunt@^0.4.5",null]
16 verbose parsed url { protocol: null,
16 verbose parsed url   slashes: null,
16 verbose parsed url   auth: null,
16 verbose parsed url   host: null,
16 verbose parsed url   port: null,
16 verbose parsed url   hostname: null,
16 verbose parsed url   hash: null,
16 verbose parsed url   search: null,
16 verbose parsed url   query: null,
16 verbose parsed url   pathname: 'grunt@^0.4.5',
16 verbose parsed url   path: 'grunt@^0.4.5',
16 verbose parsed url   href: 'grunt@^0.4.5' }
17 verbose cache add [ 'grunt-cli@^1.1.0', null ]
18 verbose cache add name=undefined spec="grunt-cli@^1.1.0" args=["grunt-cli@^1.1.0",null]
19 verbose parsed url { protocol: null,
19 verbose parsed url   slashes: null,
19 verbose parsed url   auth: null,
19 verbose parsed url   host: null,
19 verbose parsed url   port: null,
19 verbose parsed url   hostname: null,
19 verbose parsed url   hash: null,
19 verbose parsed url   search: null,
19 verbose parsed url   query: null,
19 verbose parsed url   pathname: 'grunt-cli@^1.1.0',
19 verbose parsed url   path: 'grunt-cli@^1.1.0',
19 verbose parsed url   href: 'grunt-cli@^1.1.0' }
20 verbose cache add name="cssnext" spec="^1.8.4" args=["cssnext","^1.8.4"]
21 verbose parsed url { protocol: null,
21 verbose parsed url   slashes: null,
21 verbose parsed url   auth: null,
21 verbose parsed url   host: null,
21 verbose parsed url   port: null,
21 verbose parsed url   hostname: null,
21 verbose parsed url   hash: null,
21 verbose parsed url   search: null,
21 verbose parsed url   query: null,
21 verbose parsed url   pathname: '^1.8.4',
21 verbose parsed url   path: '^1.8.4',
21 verbose parsed url   href: '^1.8.4' }
22 verbose addNamed [ 'cssnext', '^1.8.4' ]
23 verbose addNamed [ null, '>=1.8.4-0 <2.0.0-0' ]
24 verbose cache add name="grunt" spec="^0.4.5" args=["grunt","^0.4.5"]
25 verbose parsed url { protocol: null,
25 verbose parsed url   slashes: null,
25 verbose parsed url   auth: null,
25 verbose parsed url   host: null,
25 verbose parsed url   port: null,
25 verbose parsed url   hostname: null,
25 verbose parsed url   hash: null,
25 verbose parsed url   search: null,
25 verbose parsed url   query: null,
25 verbose parsed url   pathname: '^0.4.5',
25 verbose parsed url   path: '^0.4.5',
25 verbose parsed url   href: '^0.4.5' }
26 verbose addNamed [ 'grunt', '^0.4.5' ]
27 verbose addNamed [ null, '>=0.4.5-0 <0.5.0-0' ]
28 verbose cache add [ 'grunt-contrib-concat@^0.5.1', null ]
29 verbose cache add name=undefined spec="grunt-contrib-concat@^0.5.1" args=["grunt-contrib-concat@^0.5.1",null]
30 verbose parsed url { protocol: null,
30 verbose parsed url   slashes: null,
30 verbose parsed url   auth: null,
30 verbose parsed url   host: null,
30 verbose parsed url   port: null,
30 verbose parsed url   hostname: null,
30 verbose parsed url   hash: null,
30 verbose parsed url   search: null,
30 verbose parsed url   query: null,
30 verbose parsed url   pathname: 'grunt-contrib-concat@^0.5.1',
30 verbose parsed url   path: 'grunt-contrib-concat@^0.5.1',
30 verbose parsed url   href: 'grunt-contrib-concat@^0.5.1' }
31 verbose cache add [ 'grunt-contrib-sass@^0.9.2', null ]
32 verbose cache add name=undefined spec="grunt-contrib-sass@^0.9.2" args=["grunt-contrib-sass@^0.9.2",null]
33 verbose parsed url { protocol: null,
33 verbose parsed url   slashes: null,
33 verbose parsed url   auth: null,
33 verbose parsed url   host: null,
33 verbose parsed url   port: null,
33 verbose parsed url   hostname: null,
33 verbose parsed url   hash: null,
33 verbose parsed url   search: null,
33 verbose parsed url   query: null,
33 verbose parsed url   pathname: 'grunt-contrib-sass@^0.9.2',
33 verbose parsed url   path: 'grunt-contrib-sass@^0.9.2',
33 verbose parsed url   href: 'grunt-contrib-sass@^0.9.2' }
34 verbose cache add name="grunt-cli" spec="^1.1.0" args=["grunt-cli","^1.1.0"]
35 verbose parsed url { protocol: null,
35 verbose parsed url   slashes: null,
35 verbose parsed url   auth: null,
35 verbose parsed url   host: null,
35 verbose parsed url   port: null,
35 verbose parsed url   hostname: null,
35 verbose parsed url   hash: null,
35 verbose parsed url   search: null,
35 verbose parsed url   query: null,
35 verbose parsed url   pathname: '^1.1.0',
35 verbose parsed url   path: '^1.1.0',
35 verbose parsed url   href: '^1.1.0' }
36 verbose addNamed [ 'grunt-cli', '^1.1.0' ]
37 verbose addNamed [ null, '>=1.1.0-0 <2.0.0-0' ]
38 silly lockFile e0e7037c-cssnext-1-8-4 cssnext@^1.8.4
39 verbose lock cssnext@^1.8.4 /Users/l0k1/.npm/e0e7037c-cssnext-1-8-4.lock
40 silly lockFile 73541f84-grunt-0-4-5 grunt@^0.4.5
41 verbose lock grunt@^0.4.5 /Users/l0k1/.npm/73541f84-grunt-0-4-5.lock
42 silly lockFile 4ee3e357-grunt-cli-1-1-0 grunt-cli@^1.1.0
43 verbose lock grunt-cli@^1.1.0 /Users/l0k1/.npm/4ee3e357-grunt-cli-1-1-0.lock
44 verbose cache add name="grunt-contrib-concat" spec="^0.5.1" args=["grunt-contrib-concat","^0.5.1"]
45 verbose parsed url { protocol: null,
45 verbose parsed url   slashes: null,
45 verbose parsed url   auth: null,
45 verbose parsed url   host: null,
45 verbose parsed url   port: null,
45 verbose parsed url   hostname: null,
45 verbose parsed url   hash: null,
45 verbose parsed url   search: null,
45 verbose parsed url   query: null,
45 verbose parsed url   pathname: '^0.5.1',
45 verbose parsed url   path: '^0.5.1',
45 verbose parsed url   href: '^0.5.1' }
46 verbose addNamed [ 'grunt-contrib-concat', '^0.5.1' ]
47 verbose addNamed [ null, '>=0.5.1-0 <0.6.0-0' ]
48 silly lockFile f332e6fb-grunt-contrib-concat-0-5-1 grunt-contrib-concat@^0.5.1
49 verbose lock grunt-contrib-concat@^0.5.1 /Users/l0k1/.npm/f332e6fb-grunt-contrib-concat-0-5-1.lock
50 verbose cache add [ 'grunt-contrib-uglify@^0.11.0', null ]
51 verbose cache add name=undefined spec="grunt-contrib-uglify@^0.11.0" args=["grunt-contrib-uglify@^0.11.0",null]
52 verbose parsed url { protocol: null,
52 verbose parsed url   slashes: null,
52 verbose parsed url   auth: null,
52 verbose parsed url   host: null,
52 verbose parsed url   port: null,
52 verbose parsed url   hostname: null,
52 verbose parsed url   hash: null,
52 verbose parsed url   search: null,
52 verbose parsed url   query: null,
52 verbose parsed url   pathname: 'grunt-contrib-uglify@^0.11.0',
52 verbose parsed url   path: 'grunt-contrib-uglify@^0.11.0',
52 verbose parsed url   href: 'grunt-contrib-uglify@^0.11.0' }
53 verbose cache add [ 'grunt-contrib-watch@^0.6.1', null ]
54 verbose cache add name=undefined spec="grunt-contrib-watch@^0.6.1" args=["grunt-contrib-watch@^0.6.1",null]
55 verbose parsed url { protocol: null,
55 verbose parsed url   slashes: null,
55 verbose parsed url   auth: null,
55 verbose parsed url   host: null,
55 verbose parsed url   port: null,
55 verbose parsed url   hostname: null,
55 verbose parsed url   hash: null,
55 verbose parsed url   search: null,
55 verbose parsed url   query: null,
55 verbose parsed url   pathname: 'grunt-contrib-watch@^0.6.1',
55 verbose parsed url   path: 'grunt-contrib-watch@^0.6.1',
55 verbose parsed url   href: 'grunt-contrib-watch@^0.6.1' }
56 verbose cache add [ 'grunt-newer@^1.1.1', null ]
57 verbose cache add name=undefined spec="grunt-newer@^1.1.1" args=["grunt-newer@^1.1.1",null]
58 verbose parsed url { protocol: null,
58 verbose parsed url   slashes: null,
58 verbose parsed url   auth: null,
58 verbose parsed url   host: null,
58 verbose parsed url   port: null,
58 verbose parsed url   hostname: null,
58 verbose parsed url   hash: null,
58 verbose parsed url   search: null,
58 verbose parsed url   query: null,
58 verbose parsed url   pathname: 'grunt-newer@^1.1.1',
58 verbose parsed url   path: 'grunt-newer@^1.1.1',
58 verbose parsed url   href: 'grunt-newer@^1.1.1' }
59 verbose cache add [ 'grunt-postcss@^0.7.1', null ]
60 verbose cache add name=undefined spec="grunt-postcss@^0.7.1" args=["grunt-postcss@^0.7.1",null]
61 verbose parsed url { protocol: null,
61 verbose parsed url   slashes: null,
61 verbose parsed url   auth: null,
61 verbose parsed url   host: null,
61 verbose parsed url   port: null,
61 verbose parsed url   hostname: null,
61 verbose parsed url   hash: null,
61 verbose parsed url   search: null,
61 verbose parsed url   query: null,
61 verbose parsed url   pathname: 'grunt-postcss@^0.7.1',
61 verbose parsed url   path: 'grunt-postcss@^0.7.1',
61 verbose parsed url   href: 'grunt-postcss@^0.7.1' }
62 verbose cache add name="grunt-contrib-sass" spec="^0.9.2" args=["grunt-contrib-sass","^0.9.2"]
63 verbose parsed url { protocol: null,
63 verbose parsed url   slashes: null,
63 verbose parsed url   auth: null,
63 verbose parsed url   host: null,
63 verbose parsed url   port: null,
63 verbose parsed url   hostname: null,
63 verbose parsed url   hash: null,
63 verbose parsed url   search: null,
63 verbose parsed url   query: null,
63 verbose parsed url   pathname: '^0.9.2',
63 verbose parsed url   path: '^0.9.2',
63 verbose parsed url   href: '^0.9.2' }
64 verbose addNamed [ 'grunt-contrib-sass', '^0.9.2' ]
65 verbose addNamed [ null, '>=0.9.2-0 <0.10.0-0' ]
66 silly lockFile 031128be-grunt-contrib-sass-0-9-2 grunt-contrib-sass@^0.9.2
67 verbose lock grunt-contrib-sass@^0.9.2 /Users/l0k1/.npm/031128be-grunt-contrib-sass-0-9-2.lock
68 verbose cache add name="grunt-contrib-uglify" spec="^0.11.0" args=["grunt-contrib-uglify","^0.11.0"]
69 verbose parsed url { protocol: null,
69 verbose parsed url   slashes: null,
69 verbose parsed url   auth: null,
69 verbose parsed url   host: null,
69 verbose parsed url   port: null,
69 verbose parsed url   hostname: null,
69 verbose parsed url   hash: null,
69 verbose parsed url   search: null,
69 verbose parsed url   query: null,
69 verbose parsed url   pathname: '^0.11.0',
69 verbose parsed url   path: '^0.11.0',
69 verbose parsed url   href: '^0.11.0' }
70 verbose addNamed [ 'grunt-contrib-uglify', '^0.11.0' ]
71 verbose addNamed [ null, '>=0.11.0-0 <0.12.0-0' ]
72 silly lockFile e24f11fb-grunt-contrib-uglify-0-11-0 grunt-contrib-uglify@^0.11.0
73 verbose lock grunt-contrib-uglify@^0.11.0 /Users/l0k1/.npm/e24f11fb-grunt-contrib-uglify-0-11-0.lock
74 verbose cache add name="grunt-contrib-watch" spec="^0.6.1" args=["grunt-contrib-watch","^0.6.1"]
75 verbose parsed url { protocol: null,
75 verbose parsed url   slashes: null,
75 verbose parsed url   auth: null,
75 verbose parsed url   host: null,
75 verbose parsed url   port: null,
75 verbose parsed url   hostname: null,
75 verbose parsed url   hash: null,
75 verbose parsed url   search: null,
75 verbose parsed url   query: null,
75 verbose parsed url   pathname: '^0.6.1',
75 verbose parsed url   path: '^0.6.1',
75 verbose parsed url   href: '^0.6.1' }
76 verbose addNamed [ 'grunt-contrib-watch', '^0.6.1' ]
77 verbose addNamed [ null, '>=0.6.1-0 <0.7.0-0' ]
78 silly lockFile 224b1ece-grunt-contrib-watch-0-6-1 grunt-contrib-watch@^0.6.1
79 verbose lock grunt-contrib-watch@^0.6.1 /Users/l0k1/.npm/224b1ece-grunt-contrib-watch-0-6-1.lock
80 verbose cache add name="grunt-newer" spec="^1.1.1" args=["grunt-newer","^1.1.1"]
81 verbose parsed url { protocol: null,
81 verbose parsed url   slashes: null,
81 verbose parsed url   auth: null,
81 verbose parsed url   host: null,
81 verbose parsed url   port: null,
81 verbose parsed url   hostname: null,
81 verbose parsed url   hash: null,
81 verbose parsed url   search: null,
81 verbose parsed url   query: null,
81 verbose parsed url   pathname: '^1.1.1',
81 verbose parsed url   path: '^1.1.1',
81 verbose parsed url   href: '^1.1.1' }
82 verbose addNamed [ 'grunt-newer', '^1.1.1' ]
83 verbose addNamed [ null, '>=1.1.1-0 <2.0.0-0' ]
84 silly lockFile 18a54ec9-grunt-newer-1-1-1 grunt-newer@^1.1.1
85 verbose lock grunt-newer@^1.1.1 /Users/l0k1/.npm/18a54ec9-grunt-newer-1-1-1.lock
86 verbose cache add [ 'autoprefixer@^6.3.1', null ]
87 verbose cache add name=undefined spec="autoprefixer@^6.3.1" args=["autoprefixer@^6.3.1",null]
88 verbose parsed url { protocol: null,
88 verbose parsed url   slashes: null,
88 verbose parsed url   auth: null,
88 verbose parsed url   host: null,
88 verbose parsed url   port: null,
88 verbose parsed url   hostname: null,
88 verbose parsed url   hash: null,
88 verbose parsed url   search: null,
88 verbose parsed url   query: null,
88 verbose parsed url   pathname: 'autoprefixer@^6.3.1',
88 verbose parsed url   path: 'autoprefixer@^6.3.1',
88 verbose parsed url   href: 'autoprefixer@^6.3.1' }
89 verbose cache add [ 'cssnano@^3.4.0', null ]
90 verbose cache add name=undefined spec="cssnano@^3.4.0" args=["cssnano@^3.4.0",null]
91 verbose parsed url { protocol: null,
91 verbose parsed url   slashes: null,
91 verbose parsed url   auth: null,
91 verbose parsed url   host: null,
91 verbose parsed url   port: null,
91 verbose parsed url   hostname: null,
91 verbose parsed url   hash: null,
91 verbose parsed url   search: null,
91 verbose parsed url   query: null,
91 verbose parsed url   pathname: 'cssnano@^3.4.0',
91 verbose parsed url   path: 'cssnano@^3.4.0',
91 verbose parsed url   href: 'cssnano@^3.4.0' }
92 verbose cache add name="grunt-postcss" spec="^0.7.1" args=["grunt-postcss","^0.7.1"]
93 verbose parsed url { protocol: null,
93 verbose parsed url   slashes: null,
93 verbose parsed url   auth: null,
93 verbose parsed url   host: null,
93 verbose parsed url   port: null,
93 verbose parsed url   hostname: null,
93 verbose parsed url   hash: null,
93 verbose parsed url   search: null,
93 verbose parsed url   query: null,
93 verbose parsed url   pathname: '^0.7.1',
93 verbose parsed url   path: '^0.7.1',
93 verbose parsed url   href: '^0.7.1' }
94 verbose addNamed [ 'grunt-postcss', '^0.7.1' ]
95 verbose addNamed [ null, '>=0.7.1-0 <0.8.0-0' ]
96 silly lockFile 761cf465-grunt-postcss-0-7-1 grunt-postcss@^0.7.1
97 verbose lock grunt-postcss@^0.7.1 /Users/l0k1/.npm/761cf465-grunt-postcss-0-7-1.lock
98 silly addNameRange { name: 'cssnext', range: '>=1.8.4-0 <2.0.0-0', hasData: false }
99 silly addNameRange { name: 'grunt-cli',
99 silly addNameRange   range: '>=1.1.0-0 <2.0.0-0',
99 silly addNameRange   hasData: false }
100 silly addNameRange { name: 'grunt', range: '>=0.4.5-0 <0.5.0-0', hasData: false }
101 silly addNameRange { name: 'grunt-contrib-concat',
101 silly addNameRange   range: '>=0.5.1-0 <0.6.0-0',
101 silly addNameRange   hasData: false }
102 verbose cache add name="autoprefixer" spec="^6.3.1" args=["autoprefixer","^6.3.1"]
103 verbose parsed url { protocol: null,
103 verbose parsed url   slashes: null,
103 verbose parsed url   auth: null,
103 verbose parsed url   host: null,
103 verbose parsed url   port: null,
103 verbose parsed url   hostname: null,
103 verbose parsed url   hash: null,
103 verbose parsed url   search: null,
103 verbose parsed url   query: null,
103 verbose parsed url   pathname: '^6.3.1',
103 verbose parsed url   path: '^6.3.1',
103 verbose parsed url   href: '^6.3.1' }
104 verbose addNamed [ 'autoprefixer', '^6.3.1' ]
105 verbose addNamed [ null, '>=6.3.1-0 <7.0.0-0' ]
106 silly lockFile 6f91da1f-autoprefixer-6-3-1 autoprefixer@^6.3.1
107 verbose lock autoprefixer@^6.3.1 /Users/l0k1/.npm/6f91da1f-autoprefixer-6-3-1.lock
108 verbose cache add name="cssnano" spec="^3.4.0" args=["cssnano","^3.4.0"]
109 verbose parsed url { protocol: null,
109 verbose parsed url   slashes: null,
109 verbose parsed url   auth: null,
109 verbose parsed url   host: null,
109 verbose parsed url   port: null,
109 verbose parsed url   hostname: null,
109 verbose parsed url   hash: null,
109 verbose parsed url   search: null,
109 verbose parsed url   query: null,
109 verbose parsed url   pathname: '^3.4.0',
109 verbose parsed url   path: '^3.4.0',
109 verbose parsed url   href: '^3.4.0' }
110 verbose addNamed [ 'cssnano', '^3.4.0' ]
111 verbose addNamed [ null, '>=3.4.0-0 <4.0.0-0' ]
112 silly lockFile 5c6162f0-cssnano-3-4-0 cssnano@^3.4.0
113 verbose lock cssnano@^3.4.0 /Users/l0k1/.npm/5c6162f0-cssnano-3-4-0.lock
114 silly addNameRange { name: 'grunt-contrib-sass',
114 silly addNameRange   range: '>=0.9.2-0 <0.10.0-0',
114 silly addNameRange   hasData: false }
115 silly addNameRange { name: 'grunt-contrib-uglify',
115 silly addNameRange   range: '>=0.11.0-0 <0.12.0-0',
115 silly addNameRange   hasData: false }
116 silly addNameRange { name: 'grunt-contrib-watch',
116 silly addNameRange   range: '>=0.6.1-0 <0.7.0-0',
116 silly addNameRange   hasData: false }
117 silly addNameRange { name: 'grunt-newer',
117 silly addNameRange   range: '>=1.1.1-0 <2.0.0-0',
117 silly addNameRange   hasData: false }
118 silly addNameRange { name: 'grunt-postcss',
118 silly addNameRange   range: '>=0.7.1-0 <0.8.0-0',
118 silly addNameRange   hasData: false }
119 silly addNameRange { name: 'autoprefixer',
119 silly addNameRange   range: '>=6.3.1-0 <7.0.0-0',
119 silly addNameRange   hasData: false }
120 silly addNameRange { name: 'cssnano', range: '>=3.4.0-0 <4.0.0-0', hasData: false }
121 verbose request where is /grunt-cli
122 verbose request registry https://registry.npmjs.org/
123 verbose request id dc5700129a8f420e
124 verbose url raw /grunt-cli
125 verbose url resolving [ 'https://registry.npmjs.org/', './grunt-cli' ]
126 verbose url resolved https://registry.npmjs.org/grunt-cli
127 verbose request where is https://registry.npmjs.org/grunt-cli
128 info trying registry request attempt 1 at 23:10:27
129 verbose etag "A952MHD0BJNDLZJERQW04Z5EO"
130 http GET https://registry.npmjs.org/grunt-cli
131 verbose request where is /cssnext
132 verbose request registry https://registry.npmjs.org/
133 verbose url raw /cssnext
134 verbose url resolving [ 'https://registry.npmjs.org/', './cssnext' ]
135 verbose url resolved https://registry.npmjs.org/cssnext
136 verbose request where is https://registry.npmjs.org/cssnext
137 info trying registry request attempt 1 at 23:10:28
138 verbose etag "DBUM9BX9CNBHGZSEN1X795L9A"
139 http GET https://registry.npmjs.org/cssnext
140 verbose request where is /grunt-contrib-concat
141 verbose request registry https://registry.npmjs.org/
142 verbose url raw /grunt-contrib-concat
143 verbose url resolving [ 'https://registry.npmjs.org/', './grunt-contrib-concat' ]
144 verbose url resolved https://registry.npmjs.org/grunt-contrib-concat
145 verbose request where is https://registry.npmjs.org/grunt-contrib-concat
146 info trying registry request attempt 1 at 23:10:28
147 verbose etag "NL3UOF5SC09KFMTLUKBKEU4Z"
148 http GET https://registry.npmjs.org/grunt-contrib-concat
149 verbose request where is /grunt
150 verbose request registry https://registry.npmjs.org/
151 verbose url raw /grunt
152 verbose url resolving [ 'https://registry.npmjs.org/', './grunt' ]
153 verbose url resolved https://registry.npmjs.org/grunt
154 verbose request where is https://registry.npmjs.org/grunt
155 info trying registry request attempt 1 at 23:10:28
156 verbose etag "55UJHRJ6M0VK412O8ERJNW1HP"
157 http GET https://registry.npmjs.org/grunt
158 verbose request where is /grunt-contrib-watch
159 verbose request registry https://registry.npmjs.org/
160 verbose url raw /grunt-contrib-watch
161 verbose url resolving [ 'https://registry.npmjs.org/', './grunt-contrib-watch' ]
162 verbose url resolved https://registry.npmjs.org/grunt-contrib-watch
163 verbose request where is https://registry.npmjs.org/grunt-contrib-watch
164 info trying registry request attempt 1 at 23:10:28
165 verbose etag "BPSBU421ZCI3151I7B0K8ANFH"
166 http GET https://registry.npmjs.org/grunt-contrib-watch
167 verbose request where is /grunt-contrib-uglify
168 verbose request registry https://registry.npmjs.org/
169 verbose url raw /grunt-contrib-uglify
170 verbose url resolving [ 'https://registry.npmjs.org/', './grunt-contrib-uglify' ]
171 verbose url resolved https://registry.npmjs.org/grunt-contrib-uglify
172 verbose request where is https://registry.npmjs.org/grunt-contrib-uglify
173 info trying registry request attempt 1 at 23:10:28
174 verbose etag "4ACBH07VCPSZK5JWCKRHFG8Z1"
175 http GET https://registry.npmjs.org/grunt-contrib-uglify
176 verbose request where is /grunt-contrib-sass
177 verbose request registry https://registry.npmjs.org/
178 verbose url raw /grunt-contrib-sass
179 verbose url resolving [ 'https://registry.npmjs.org/', './grunt-contrib-sass' ]
180 verbose url resolved https://registry.npmjs.org/grunt-contrib-sass
181 verbose request where is https://registry.npmjs.org/grunt-contrib-sass
182 info trying registry request attempt 1 at 23:10:28
183 verbose etag "AVVV15E2UX4XMHKC4DTSDG3KQ"
184 http GET https://registry.npmjs.org/grunt-contrib-sass
185 verbose request where is /grunt-newer
186 verbose request registry https://registry.npmjs.org/
187 verbose url raw /grunt-newer
188 verbose url resolving [ 'https://registry.npmjs.org/', './grunt-newer' ]
189 verbose url resolved https://registry.npmjs.org/grunt-newer
190 verbose request where is https://registry.npmjs.org/grunt-newer
191 info trying registry request attempt 1 at 23:10:28
192 verbose etag "BAUN0A1501SFAFXVAGZNHWBHC"
193 http GET https://registry.npmjs.org/grunt-newer
194 verbose request where is /autoprefixer
195 verbose request registry https://registry.npmjs.org/
196 verbose url raw /autoprefixer
197 verbose url resolving [ 'https://registry.npmjs.org/', './autoprefixer' ]
198 verbose url resolved https://registry.npmjs.org/autoprefixer
199 verbose request where is https://registry.npmjs.org/autoprefixer
200 info trying registry request attempt 1 at 23:10:28
201 verbose etag "7EMWZLO86018PHSBH2SCZ8PPY"
202 http GET https://registry.npmjs.org/autoprefixer
203 verbose request where is /grunt-postcss
204 verbose request registry https://registry.npmjs.org/
205 verbose url raw /grunt-postcss
206 verbose url resolving [ 'https://registry.npmjs.org/', './grunt-postcss' ]
207 verbose url resolved https://registry.npmjs.org/grunt-postcss
208 verbose request where is https://registry.npmjs.org/grunt-postcss
209 info trying registry request attempt 1 at 23:10:28
210 verbose etag "8GHQAYEUQ89ETS4CP4CQ877FH"
211 http GET https://registry.npmjs.org/grunt-postcss
212 verbose request where is /cssnano
213 verbose request registry https://registry.npmjs.org/
214 verbose url raw /cssnano
215 verbose url resolving [ 'https://registry.npmjs.org/', './cssnano' ]
216 verbose url resolved https://registry.npmjs.org/cssnano
217 verbose request where is https://registry.npmjs.org/cssnano
218 info trying registry request attempt 1 at 23:10:28
219 verbose etag "9EB2BWYV49L2EXNQ81VHLY96I"
220 http GET https://registry.npmjs.org/cssnano
221 http 200 https://registry.npmjs.org/grunt-cli
222 silly registry.get cb [ 200,
222 silly registry.get   { server: 'CouchDB/1.5.0 (Erlang OTP/R16B03)',
222 silly registry.get     etag: '"O4ILQO6EIKX7WLPW1J4C3SNS"',
222 silly registry.get     'content-type': 'application/json',
222 silly registry.get     'content-encoding': 'gzip',
222 silly registry.get     'cache-control': 'max-age=300',
222 silly registry.get     'content-length': '5885',
222 silly registry.get     'accept-ranges': 'bytes',
222 silly registry.get     date: 'Wed, 18 May 2016 20:10:28 GMT',
222 silly registry.get     via: '1.1 varnish',
222 silly registry.get     age: '106',
222 silly registry.get     connection: 'keep-alive',
222 silly registry.get     'x-served-by': 'cache-fra1245-FRA',
222 silly registry.get     'x-cache': 'HIT',
222 silly registry.get     'x-cache-hits': '1',
222 silly registry.get     'x-timer': 'S1463602228.487109,VS0,VE0',
222 silly registry.get     vary: 'Accept-Encoding' } ]
223 http 200 https://registry.npmjs.org/grunt-contrib-concat
224 silly registry.get cb [ 200,
224 silly registry.get   { server: 'CouchDB/1.5.0 (Erlang OTP/R16B03)',
224 silly registry.get     etag: '"EQID6I95MJ53DO6GDUTOMO98L"',
224 silly registry.get     'content-type': 'application/json',
224 silly registry.get     'content-encoding': 'gzip',
224 silly registry.get     'cache-control': 'max-age=300',
224 silly registry.get     'content-length': '8180',
224 silly registry.get     'accept-ranges': 'bytes',
224 silly registry.get     date: 'Wed, 18 May 2016 20:10:28 GMT',
224 silly registry.get     via: '1.1 varnish',
224 silly registry.get     age: '13',
224 silly registry.get     connection: 'keep-alive',
224 silly registry.get     'x-served-by': 'cache-fra1236-FRA',
224 silly registry.get     'x-cache': 'HIT',
224 silly registry.get     'x-cache-hits': '1',
224 silly registry.get     'x-timer': 'S1463602228.486340,VS0,VE0',
224 silly registry.get     vary: 'Accept-Encoding' } ]
225 silly addNameRange number 2 { name: 'grunt-cli', range: '>=1.1.0-0 <2.0.0-0', hasData: true }
226 silly addNameRange versions [ 'grunt-cli',
226 silly addNameRange   [ '0.1.0',
226 silly addNameRange     '0.1.1',
226 silly addNameRange     '0.1.2',
226 silly addNameRange     '0.1.3',
226 silly addNameRange     '0.1.4',
226 silly addNameRange     '0.1.5',
226 silly addNameRange     '0.1.6',
226 silly addNameRange     '0.1.7',
226 silly addNameRange     '0.1.8',
226 silly addNameRange     '0.1.9',
226 silly addNameRange     '0.1.10',
226 silly addNameRange     '0.1.11',
226 silly addNameRange     '0.1.12',
226 silly addNameRange     '0.1.13',
226 silly addNameRange     '1.0.0-rc1',
226 silly addNameRange     '1.0.0',
226 silly addNameRange     '1.0.1',
226 silly addNameRange     '1.1.0',
226 silly addNameRange     '1.2.0' ] ]
227 verbose addNamed [ 'grunt-cli', '1.2.0' ]
228 verbose addNamed [ '1.2.0', '1.2.0' ]
229 silly lockFile 923e46ff-grunt-cli-1-2-0 grunt-cli@1.2.0
230 verbose lock grunt-cli@1.2.0 /Users/l0k1/.npm/923e46ff-grunt-cli-1-2-0.lock
231 silly addNameRange number 2 { name: 'grunt-contrib-concat',
231 silly addNameRange   range: '>=0.5.1-0 <0.6.0-0',
231 silly addNameRange   hasData: true }
232 silly addNameRange versions [ 'grunt-contrib-concat',
232 silly addNameRange   [ '0.1.0',
232 silly addNameRange     '0.1.1',
232 silly addNameRange     '0.1.2',
232 silly addNameRange     '0.1.3',
232 silly addNameRange     '0.2.0',
232 silly addNameRange     '0.3.0',
232 silly addNameRange     '0.4.0',
232 silly addNameRange     '0.5.0',
232 silly addNameRange     '0.5.1',
232 silly addNameRange     '1.0.0',
232 silly addNameRange     '1.0.1',
232 silly addNameRange     '0.1.2-rc5',
232 silly addNameRange     '0.1.2-rc6' ] ]
233 verbose addNamed [ 'grunt-contrib-concat', '0.5.1' ]
234 verbose addNamed [ '0.5.1', '0.5.1' ]
235 silly lockFile 63a362d5-grunt-contrib-concat-0-5-1 grunt-contrib-concat@0.5.1
236 verbose lock grunt-contrib-concat@0.5.1 /Users/l0k1/.npm/63a362d5-grunt-contrib-concat-0-5-1.lock
237 http 200 https://registry.npmjs.org/grunt
238 silly registry.get cb [ 200,
238 silly registry.get   { server: 'CouchDB/1.5.0 (Erlang OTP/R16B03)',
238 silly registry.get     etag: '"75WFF2YOJJRKE3OMNP3UITRWY"',
238 silly registry.get     'content-type': 'application/json',
238 silly registry.get     'content-encoding': 'gzip',
238 silly registry.get     'cache-control': 'max-age=300',
238 silly registry.get     'content-length': '12961',
238 silly registry.get     'accept-ranges': 'bytes',
238 silly registry.get     date: 'Wed, 18 May 2016 20:10:28 GMT',
238 silly registry.get     via: '1.1 varnish',
238 silly registry.get     age: '300',
238 silly registry.get     connection: 'keep-alive',
238 silly registry.get     'x-served-by': 'cache-fra1221-FRA',
238 silly registry.get     'x-cache': 'HIT',
238 silly registry.get     'x-cache-hits': '3',
238 silly registry.get     'x-timer': 'S1463602228.496796,VS0,VE0',
238 silly registry.get     vary: 'Accept-Encoding' } ]
239 silly lockFile 26cc79a9-rg-grunt-cli-grunt-cli-1-2-0-tgz https://registry.npmjs.org/grunt-cli/-/grunt-cli-1.2.0.tgz
240 verbose lock https://registry.npmjs.org/grunt-cli/-/grunt-cli-1.2.0.tgz /Users/l0k1/.npm/26cc79a9-rg-grunt-cli-grunt-cli-1-2-0-tgz.lock
241 verbose addRemoteTarball [ 'https://registry.npmjs.org/grunt-cli/-/grunt-cli-1.2.0.tgz',
241 verbose addRemoteTarball   '562b119ebb069ddb464ace2845501be97b35b6a8' ]
242 silly addNameRange number 2 { name: 'grunt', range: '>=0.4.5-0 <0.5.0-0', hasData: true }
243 silly addNameRange versions [ 'grunt',
243 silly addNameRange   [ '0.1.0',
243 silly addNameRange     '0.1.1',
243 silly addNameRange     '0.1.2',
243 silly addNameRange     '0.2.0',
243 silly addNameRange     '0.2.1',
243 silly addNameRange     '0.2.2',
243 silly addNameRange     '0.2.3',
243 silly addNameRange     '0.2.4',
243 silly addNameRange     '0.2.5',
243 silly addNameRange     '0.2.6',
243 silly addNameRange     '0.2.7',
243 silly addNameRange     '0.2.8',
243 silly addNameRange     '0.2.9',
243 silly addNameRange     '0.2.10',
243 silly addNameRange     '0.2.11',
243 silly addNameRange     '0.2.12',
243 silly addNameRange     '0.2.13',
243 silly addNameRange     '0.2.14',
243 silly addNameRange     '0.2.15',
243 silly addNameRange     '0.3.0',
243 silly addNameRange     '0.3.1',
243 silly addNameRange     '0.3.2',
243 silly addNameRange     '0.3.3',
243 silly addNameRange     '0.3.4',
243 silly addNameRange     '0.3.5',
243 silly addNameRange     '0.3.6',
243 silly addNameRange     '0.3.7',
243 silly addNameRange     '0.3.8',
243 silly addNameRange     '0.3.9',
243 silly addNameRange     '0.3.10',
243 silly addNameRange     '0.3.11',
243 silly addNameRange     '0.3.12',
243 silly addNameRange     '0.3.13',
243 silly addNameRange     '0.3.14',
243 silly addNameRange     '0.3.15',
243 silly addNameRange     '0.3.16',
243 silly addNameRange     '0.3.17',
243 silly addNameRange     '0.4.0',
243 silly addNameRange     '0.4.1',
243 silly addNameRange     '0.4.2',
243 silly addNameRange     '0.4.3',
243 silly addNameRange     '0.4.4',
243 silly addNameRange     '0.4.5',
243 silly addNameRange     '1.0.0-rc1',
243 silly addNameRange     '1.0.0',
243 silly addNameRange     '1.0.1',
243 silly addNameRange     '0.3.13-a',
243 silly addNameRange     '0.4.0-a',
243 silly addNameRange     '0.4.0-rc1',
243 silly addNameRange     '0.4.0-rc2',
243 silly addNameRange     '0.4.0-rc3',
243 silly addNameRange     '0.4.0-rc4',
243 silly addNameRange     '0.4.0-rc5',
243 silly addNameRange     '0.4.0-rc6',
243 silly addNameRange     '0.4.0-rc7',
243 silly addNameRange     '0.4.0-rc8' ] ]
244 verbose addNamed [ 'grunt', '0.4.5' ]
245 verbose addNamed [ '0.4.5', '0.4.5' ]
246 silly lockFile 81abf7ad-grunt-0-4-5 grunt@0.4.5
247 verbose lock grunt@0.4.5 /Users/l0k1/.npm/81abf7ad-grunt-0-4-5.lock
248 silly lockFile 63a362d5-grunt-contrib-concat-0-5-1 grunt-contrib-concat@0.5.1
249 silly lockFile 63a362d5-grunt-contrib-concat-0-5-1 grunt-contrib-concat@0.5.1
250 silly lockFile f332e6fb-grunt-contrib-concat-0-5-1 grunt-contrib-concat@^0.5.1
251 silly lockFile f332e6fb-grunt-contrib-concat-0-5-1 grunt-contrib-concat@^0.5.1
252 info retry fetch attempt 1 at 23:10:28
253 verbose fetch to= /var/folders/8p/n5m4p8jx5cs16g2xs_yhqxwh0000gn/T/npm-10253-WBxpp9-H/registry.npmjs.org/grunt-cli/-/grunt-cli-1.2.0.tgz
254 http GET https://registry.npmjs.org/grunt-cli/-/grunt-cli-1.2.0.tgz
255 http 200 https://registry.npmjs.org/grunt-contrib-sass
256 silly registry.get cb [ 200,
256 silly registry.get   { server: 'CouchDB/1.5.0 (Erlang OTP/R16B03)',
256 silly registry.get     etag: '"37K5U3L9RQ4AVKCRY810T4K0Z"',
256 silly registry.get     'content-type': 'application/json',
256 silly registry.get     'content-encoding': 'gzip',
256 silly registry.get     'cache-control': 'max-age=300',
256 silly registry.get     'content-length': '8055',
256 silly registry.get     'accept-ranges': 'bytes',
256 silly registry.get     date: 'Wed, 18 May 2016 20:10:28 GMT',
256 silly registry.get     via: '1.1 varnish',
256 silly registry.get     age: '105',
256 silly registry.get     connection: 'keep-alive',
256 silly registry.get     'x-served-by': 'cache-fra1245-FRA',
256 silly registry.get     'x-cache': 'HIT',
256 silly registry.get     'x-cache-hits': '113',
256 silly registry.get     'x-timer': 'S1463602228.528019,VS0,VE0',
256 silly registry.get     vary: 'Accept-Encoding' } ]
257 silly lockFile 81abf7ad-grunt-0-4-5 grunt@0.4.5
258 silly lockFile 81abf7ad-grunt-0-4-5 grunt@0.4.5
259 silly lockFile 73541f84-grunt-0-4-5 grunt@^0.4.5
260 silly lockFile 73541f84-grunt-0-4-5 grunt@^0.4.5
261 http 200 https://registry.npmjs.org/grunt-contrib-uglify
262 silly registry.get cb [ 200,
262 silly registry.get   { server: 'CouchDB/1.5.0 (Erlang OTP/R16B03)',
262 silly registry.get     etag: '"EA431WPUN0QSYAX712OEWG63A"',
262 silly registry.get     'content-type': 'application/json',
262 silly registry.get     'content-encoding': 'gzip',
262 silly registry.get     'cache-control': 'max-age=300',
262 silly registry.get     'content-length': '14391',
262 silly registry.get     'accept-ranges': 'bytes',
262 silly registry.get     date: 'Wed, 18 May 2016 20:10:28 GMT',
262 silly registry.get     via: '1.1 varnish',
262 silly registry.get     age: '28',
262 silly registry.get     connection: 'keep-alive',
262 silly registry.get     'x-served-by': 'cache-fra1236-FRA',
262 silly registry.get     'x-cache': 'HIT',
262 silly registry.get     'x-cache-hits': '1',
262 silly registry.get     'x-timer': 'S1463602228.523290,VS0,VE0',
262 silly registry.get     vary: 'Accept-Encoding' } ]
263 http 200 https://registry.npmjs.org/grunt-newer
264 silly registry.get cb [ 200,
264 silly registry.get   { server: 'CouchDB/1.5.0 (Erlang OTP/R16B03)',
264 silly registry.get     etag: '"30A2BFPRFXSC0S0L5A0K85G5P"',
264 silly registry.get     'content-type': 'application/json',
264 silly registry.get     'content-encoding': 'gzip',
264 silly registry.get     'cache-control': 'max-age=300',
264 silly registry.get     'content-length': '6832',
264 silly registry.get     'accept-ranges': 'bytes',
264 silly registry.get     date: 'Wed, 18 May 2016 20:10:28 GMT',
264 silly registry.get     via: '1.1 varnish',
264 silly registry.get     age: '7',
264 silly registry.get     connection: 'keep-alive',
264 silly registry.get     'x-served-by': 'cache-fra1221-FRA',
264 silly registry.get     'x-cache': 'HIT',
264 silly registry.get     'x-cache-hits': '1',
264 silly registry.get     'x-timer': 'S1463602228.541468,VS0,VE0',
264 silly registry.get     vary: 'Accept-Encoding' } ]
265 silly addNameRange number 2 { name: 'grunt-contrib-sass',
265 silly addNameRange   range: '>=0.9.2-0 <0.10.0-0',
265 silly addNameRange   hasData: true }
266 silly addNameRange versions [ 'grunt-contrib-sass',
266 silly addNameRange   [ '0.1.0',
266 silly addNameRange     '0.1.1',
266 silly addNameRange     '0.1.2',
266 silly addNameRange     '0.1.3',
266 silly addNameRange     '0.2.0',
266 silly addNameRange     '0.2.1',
266 silly addNameRange     '0.2.2',
266 silly addNameRange     '0.3.0',
266 silly addNameRange     '0.4.0',
266 silly addNameRange     '0.4.1',
266 silly addNameRange     '0.5.0',
266 silly addNameRange     '0.5.1',
266 silly addNameRange     '0.6.0',
266 silly addNameRange     '0.2.2-rc7',
266 silly addNameRange     '0.7.0',
266 silly addNameRange     '0.7.1',
266 silly addNameRange     '0.7.2',
266 silly addNameRange     '0.7.3',
266 silly addNameRange     '0.7.4',
266 silly addNameRange     '0.8.0',
266 silly addNameRange     '0.8.1',
266 silly addNameRange     '0.9.0',
266 silly addNameRange     '0.9.1',
266 silly addNameRange     '0.9.2',
266 silly addNameRange     '1.0.0' ] ]
267 verbose addNamed [ 'grunt-contrib-sass', '0.9.2' ]
268 verbose addNamed [ '0.9.2', '0.9.2' ]
269 silly lockFile caee62b2-grunt-contrib-sass-0-9-2 grunt-contrib-sass@0.9.2
270 verbose lock grunt-contrib-sass@0.9.2 /Users/l0k1/.npm/caee62b2-grunt-contrib-sass-0-9-2.lock
271 silly addNameRange number 2 { name: 'grunt-contrib-uglify',
271 silly addNameRange   range: '>=0.11.0-0 <0.12.0-0',
271 silly addNameRange   hasData: true }
272 silly addNameRange versions [ 'grunt-contrib-uglify',
272 silly addNameRange   [ '0.1.0',
272 silly addNameRange     '0.1.1',
272 silly addNameRange     '0.1.2',
272 silly addNameRange     '0.2.0',
272 silly addNameRange     '0.2.1',
272 silly addNameRange     '0.2.2',
272 silly addNameRange     '0.2.3',
272 silly addNameRange     '0.2.4',
272 silly addNameRange     '0.2.5',
272 silly addNameRange     '0.2.6',
272 silly addNameRange     '0.2.7',
272 silly addNameRange     '0.3.0',
272 silly addNameRange     '0.3.1',
272 silly addNameRange     '0.1.1-rc5',
272 silly addNameRange     '0.1.1-rc6',
272 silly addNameRange     '0.3.2',
272 silly addNameRange     '0.3.3',
272 silly addNameRange     '0.4.0',
272 silly addNameRange     '0.5.0',
272 silly addNameRange     '0.4.1',
272 silly addNameRange     '0.5.1',
272 silly addNameRange     '0.6.0',
272 silly addNameRange     '0.7.0',
272 silly addNameRange     '0.8.0',
272 silly addNameRange     '0.8.1',
272 silly addNameRange     '0.9.0',
272 silly addNameRange     '0.9.1',
272 silly addNameRange     '0.9.2',
272 silly addNameRange     '0.10.0',
272 silly addNameRange     '0.10.1',
272 silly addNameRange     '0.11.0',
272 silly addNameRange     '0.11.1',
272 silly addNameRange     '1.0.0',
272 silly addNameRange     '1.0.1' ] ]
273 verbose addNamed [ 'grunt-contrib-uglify', '0.11.1' ]
274 verbose addNamed [ '0.11.1', '0.11.1' ]
275 silly lockFile a8cc3295-grunt-contrib-uglify-0-11-1 grunt-contrib-uglify@0.11.1
276 verbose lock grunt-contrib-uglify@0.11.1 /Users/l0k1/.npm/a8cc3295-grunt-contrib-uglify-0-11-1.lock
277 silly addNameRange number 2 { name: 'grunt-newer',
277 silly addNameRange   range: '>=1.1.1-0 <2.0.0-0',
277 silly addNameRange   hasData: true }
278 silly addNameRange versions [ 'grunt-newer',
278 silly addNameRange   [ '0.1.0',
278 silly addNameRange     '0.2.0',
278 silly addNameRange     '0.3.1',
278 silly addNameRange     '0.4.0',
278 silly addNameRange     '0.4.1',
278 silly addNameRange     '0.5.0',
278 silly addNameRange     '0.5.1',
278 silly addNameRange     '0.5.2',
278 silly addNameRange     '0.5.3',
278 silly addNameRange     '0.5.4',
278 silly addNameRange     '0.6.0',
278 silly addNameRange     '0.6.1',
278 silly addNameRange     '0.7.0',
278 silly addNameRange     '0.8.0',
278 silly addNameRange     '1.0.0',
278 silly addNameRange     '1.1.0',
278 silly addNameRange     '1.1.1',
278 silly addNameRange     '1.1.2',
278 silly addNameRange     '1.2.0' ] ]
279 verbose addNamed [ 'grunt-newer', '1.2.0' ]
280 verbose addNamed [ '1.2.0', '1.2.0' ]
281 silly lockFile aa8104b1-grunt-newer-1-2-0 grunt-newer@1.2.0
282 verbose lock grunt-newer@1.2.0 /Users/l0k1/.npm/aa8104b1-grunt-newer-1-2-0.lock
283 silly lockFile ccbc9911-runt-newer-grunt-newer-1-2-0-tgz https://registry.npmjs.org/grunt-newer/-/grunt-newer-1.2.0.tgz
284 verbose lock https://registry.npmjs.org/grunt-newer/-/grunt-newer-1.2.0.tgz /Users/l0k1/.npm/ccbc9911-runt-newer-grunt-newer-1-2-0-tgz.lock
285 silly lockFile caee62b2-grunt-contrib-sass-0-9-2 grunt-contrib-sass@0.9.2
286 silly lockFile caee62b2-grunt-contrib-sass-0-9-2 grunt-contrib-sass@0.9.2
287 silly lockFile 031128be-grunt-contrib-sass-0-9-2 grunt-contrib-sass@^0.9.2
288 silly lockFile 031128be-grunt-contrib-sass-0-9-2 grunt-contrib-sass@^0.9.2
289 verbose addRemoteTarball [ 'https://registry.npmjs.org/grunt-newer/-/grunt-newer-1.2.0.tgz',
289 verbose addRemoteTarball   '77f81e6afb7a82b3f91c14137361998d58866841' ]
290 silly lockFile a8cc3295-grunt-contrib-uglify-0-11-1 grunt-contrib-uglify@0.11.1
291 silly lockFile a8cc3295-grunt-contrib-uglify-0-11-1 grunt-contrib-uglify@0.11.1
292 info retry fetch attempt 1 at 23:10:28
293 verbose fetch to= /var/folders/8p/n5m4p8jx5cs16g2xs_yhqxwh0000gn/T/npm-10253-WBxpp9-H/registry.npmjs.org/grunt-newer/-/grunt-newer-1.2.0.tgz
294 silly lockFile e24f11fb-grunt-contrib-uglify-0-11-0 grunt-contrib-uglify@^0.11.0
295 silly lockFile e24f11fb-grunt-contrib-uglify-0-11-0 grunt-contrib-uglify@^0.11.0
296 http GET https://registry.npmjs.org/grunt-newer/-/grunt-newer-1.2.0.tgz
297 http 200 https://registry.npmjs.org/grunt-contrib-watch
298 silly registry.get cb [ 200,
298 silly registry.get   { server: 'CouchDB/1.5.0 (Erlang OTP/R16B03)',
298 silly registry.get     etag: '"2YA651G5QX1PDEFE4ATHPQ4IQ"',
298 silly registry.get     'content-type': 'application/json',
298 silly registry.get     'content-encoding': 'gzip',
298 silly registry.get     'cache-control': 'max-age=300',
298 silly registry.get     'content-length': '14501',
298 silly registry.get     'accept-ranges': 'bytes',
298 silly registry.get     date: 'Wed, 18 May 2016 20:10:28 GMT',
298 silly registry.get     via: '1.1 varnish',
298 silly registry.get     age: '276',
298 silly registry.get     connection: 'keep-alive',
298 silly registry.get     'x-served-by': 'cache-fra1235-FRA',
298 silly registry.get     'x-cache': 'HIT',
298 silly registry.get     'x-cache-hits': '2',
298 silly registry.get     'x-timer': 'S1463602228.532931,VS0,VE0',
298 silly registry.get     vary: 'Accept-Encoding' } ]
299 http 200 https://registry.npmjs.org/cssnano
300 silly registry.get cb [ 200,
300 silly registry.get   { server: 'CouchDB/1.5.0 (Erlang OTP/R16B03)',
300 silly registry.get     etag: '"E0JWVTZKE53ZBOSTH41AZZ9XJ"',
300 silly registry.get     'content-type': 'application/json',
300 silly registry.get     'content-encoding': 'gzip',
300 silly registry.get     'cache-control': 'max-age=300',
300 silly registry.get     'content-length': '11693',
300 silly registry.get     'accept-ranges': 'bytes',
300 silly registry.get     date: 'Wed, 18 May 2016 20:10:28 GMT',
300 silly registry.get     via: '1.1 varnish',
300 silly registry.get     age: '275',
300 silly registry.get     connection: 'keep-alive',
300 silly registry.get     'x-served-by': 'cache-fra1221-FRA',
300 silly registry.get     'x-cache': 'HIT',
300 silly registry.get     'x-cache-hits': '2',
300 silly registry.get     'x-timer': 'S1463602228.591654,VS0,VE0',
300 silly registry.get     vary: 'Accept-Encoding' } ]
301 http 200 https://registry.npmjs.org/autoprefixer
302 silly registry.get cb [ 200,
302 silly registry.get   { server: 'CouchDB/1.5.0 (Erlang OTP/R16B03)',
302 silly registry.get     etag: '"DC8UCA010C174EFG99FXXJTIU"',
302 silly registry.get     'content-type': 'application/json',
302 silly registry.get     'content-encoding': 'gzip',
302 silly registry.get     'cache-control': 'max-age=300',
302 silly registry.get     'content-length': '20247',
302 silly registry.get     'accept-ranges': 'bytes',
302 silly registry.get     date: 'Wed, 18 May 2016 20:10:28 GMT',
302 silly registry.get     via: '1.1 varnish',
302 silly registry.get     age: '6',
302 silly registry.get     connection: 'keep-alive',
302 silly registry.get     'x-served-by': 'cache-fra1236-FRA',
302 silly registry.get     'x-cache': 'HIT',
302 silly registry.get     'x-cache-hits': '1',
302 silly registry.get     'x-timer': 'S1463602228.585279,VS0,VE0',
302 silly registry.get     vary: 'Accept-Encoding' } ]
303 silly addNameRange number 2 { name: 'grunt-contrib-watch',
303 silly addNameRange   range: '>=0.6.1-0 <0.7.0-0',
303 silly addNameRange   hasData: true }
304 silly addNameRange versions [ 'grunt-contrib-watch',
304 silly addNameRange   [ '0.1.0',
304 silly addNameRange     '0.1.1',
304 silly addNameRange     '0.1.2',
304 silly addNameRange     '0.1.3',
304 silly addNameRange     '0.1.4',
304 silly addNameRange     '0.2.0',
304 silly addNameRange     '0.3.0',
304 silly addNameRange     '0.3.1',
304 silly addNameRange     '0.4.0',
304 silly addNameRange     '0.4.1',
304 silly addNameRange     '0.4.2',
304 silly addNameRange     '0.4.3',
304 silly addNameRange     '0.4.4',
304 silly addNameRange     '0.5.0',
304 silly addNameRange     '0.5.1',
304 silly addNameRange     '0.5.2',
304 silly addNameRange     '0.5.3',
304 silly addNameRange     '0.6.0',
304 silly addNameRange     '0.6.1',
304 silly addNameRange     '1.0.0',
304 silly addNameRange     '0.2.0-a',
304 silly addNameRange     '0.2.0-rc5',
304 silly addNameRange     '0.2.0-rc7' ] ]
305 verbose addNamed [ 'grunt-contrib-watch', '0.6.1' ]
306 verbose addNamed [ '0.6.1', '0.6.1' ]
307 silly lockFile 08049756-grunt-contrib-watch-0-6-1 grunt-contrib-watch@0.6.1
308 verbose lock grunt-contrib-watch@0.6.1 /Users/l0k1/.npm/08049756-grunt-contrib-watch-0-6-1.lock
309 silly addNameRange number 2 { name: 'cssnano', range: '>=3.4.0-0 <4.0.0-0', hasData: true }
310 silly addNameRange versions [ 'cssnano',
310 silly addNameRange   [ '1.0.0',
310 silly addNameRange     '1.0.1',
310 silly addNameRange     '1.0.2',
310 silly addNameRange     '1.1.0',
310 silly addNameRange     '1.2.0',
310 silly addNameRange     '1.2.1',
310 silly addNameRange     '1.3.0',
310 silly addNameRange     '1.3.1',
310 silly addNameRange     '1.3.2',
310 silly addNameRange     '1.3.3',
310 silly addNameRange     '1.4.0',
310 silly addNameRange     '1.4.1',
310 silly addNameRange     '1.4.2',
310 silly addNameRange     '1.4.3',
310 silly addNameRange     '2.0.0',
310 silly addNameRange     '2.0.1',
310 silly addNameRange     '2.0.2',
310 silly addNameRange     '2.0.3',
310 silly addNameRange     '2.1.0',
310 silly addNameRange     '2.1.1',
310 silly addNameRange     '2.2.0',
310 silly addNameRange     '2.3.0',
310 silly addNameRange     '2.4.0',
310 silly addNameRange     '2.5.0',
310 silly addNameRange     '2.6.0',
310 silly addNameRange     '2.6.1',
310 silly addNameRange     '3.0.0',
310 silly addNameRange     '3.0.1',
310 silly addNameRange     '3.0.2',
310 silly addNameRange     '3.0.3',
310 silly addNameRange     '3.1.0',
310 silly addNameRange     '3.2.0',
310 silly addNameRange     '3.3.0',
310 silly addNameRange     '3.3.1',
310 silly addNameRange     '3.3.2',
310 silly addNameRange     '3.4.0',
310 silly addNameRange     '3.5.0',
310 silly addNameRange     '3.5.1',
310 silly addNameRange     '3.5.2',
310 silly addNameRange     '3.6.0',
310 silly addNameRange     '3.6.1',
310 silly addNameRange     '3.6.2' ] ]
311 verbose addNamed [ 'cssnano', '3.6.2' ]
312 verbose addNamed [ '3.6.2', '3.6.2' ]
313 silly lockFile 2204a2d8-cssnano-3-6-2 cssnano@3.6.2
314 verbose lock cssnano@3.6.2 /Users/l0k1/.npm/2204a2d8-cssnano-3-6-2.lock
315 silly addNameRange number 2 { name: 'autoprefixer',
315 silly addNameRange   range: '>=6.3.1-0 <7.0.0-0',
315 silly addNameRange   hasData: true }
316 silly addNameRange versions [ 'autoprefixer',
316 silly addNameRange   [ '0.1.20130409',
316 silly addNameRange     '0.2.20130413',
316 silly addNameRange     '0.3.20130423',
316 silly addNameRange     '0.3.20130424',
316 silly addNameRange     '0.3.20130427',
316 silly addNameRange     '0.3.20130502',
316 silly addNameRange     '0.4.20130507',
316 silly addNameRange     '0.4.20130515',
316 silly addNameRange     '0.4.20130521',
316 silly addNameRange     '0.4.20130524',
316 silly addNameRange     '0.4.20130528',
316 silly addNameRange     '0.4.20130530',
316 silly addNameRange     '0.4.20130603',
316 silly addNameRange     '0.5.20130615',
316 silly addNameRange     '0.5.20130616',
316 silly addNameRange     '0.5.20130617',
316 silly addNameRange     '0.5.20130625',
316 silly addNameRange     '0.5.20130626',
316 silly addNameRange     '0.5.20130629',
316 silly addNameRange     '0.6.20130716',
316 silly addNameRange     '0.6.20130721',
316 silly addNameRange     '0.6.20130728',
316 silly addNameRange     '0.6.20130729',
316 silly addNameRange     '0.6.20130730',
316 silly addNameRange     '0.6.20130731',
316 silly addNameRange     '0.7.20130805',
316 silly addNameRange     '0.7.20130806',
316 silly addNameRange     '0.7.20130807',
316 silly addNameRange     '0.7.20130808',
316 silly addNameRange     '0.7.20130810',
316 silly addNameRange     '0.7.20130824',
316 silly addNameRange     '0.8.20130902',
316 silly addNameRange     '0.8.20130903',
316 silly addNameRange     '0.8.20130906',
316 silly addNameRange     '0.8.20130911',
316 silly addNameRange     '0.8.20130919',
316 silly addNameRange     '0.8.20130923',
316 silly addNameRange     '0.8.20131001',
316 silly addNameRange     '0.8.20131006',
316 silly addNameRange     '0.8.20131007',
316 silly addNameRange     '0.8.20131009',
316 silly addNameRange     '0.8.20131015',
316 silly addNameRange     '0.8.20131017',
316 silly addNameRange     '0.8.20131020',
316 silly addNameRange     '0.8.20131029',
316 silly addNameRange     '0.8.20131104',
316 silly addNameRange     '0.8.20131209',
316 silly addNameRange     '0.8.20131213',
316 silly addNameRange     '1.0.20131222',
316 silly addNameRange     '1.0.20140103',
316 silly addNameRange     '1.0.20140109',
316 silly addNameRange     '1.0.20140110',
316 silly addNameRange     '1.0.20140117',
316 silly addNameRange     '1.0.20140130',
316 silly addNameRange     '1.0.20140203',
316 silly addNameRange     '1.0.20140213',
316 silly addNameRange     '1.1.20140218',
316 silly addNameRange     '1.1.20140222',
316 silly addNameRange     '1.1.20140226',
316 silly addNameRange     '1.1.20140302',
316 silly addNameRange     '1.1.20140319',
316 silly addNameRange     '1.1.20140327',
316 silly addNameRange     '1.1.20140403',
316 silly addNameRange     '1.1.20140410',
316 silly addNameRange     '1.1.20140429',
316 silly addNameRange     '1.1.20140430',
316 silly addNameRange     '1.1.20140510',
316 silly addNameRange     '1.1.20140512',
316 silly addNameRange     '1.1.20140521',
316 silly addNameRange     '1.1.20140523',
316 silly addNameRange     '1.1.20140605',
316 silly addNameRange     '1.2.0',
316 silly addNameRange     '1.3.0',
316 silly addNameRange     '1.3.1',
316 silly addNameRange     '2.0.0',
316 silly addNameRange     '2.0.1',
316 silly addNameRange     '2.0.2',
316 silly addNameRange     '2.1.0',
316 silly addNameRange     '2.1.1',
316 silly addNameRange     '2.2.0',
316 silly addNameRange     '3.0.0',
316 silly addNameRange     '3.1.0',
316 silly addNameRange     '4.0.0',
316 silly addNameRange     '5.0.0',
316 silly addNameRange     '5.1.0',
316 silly addNameRange     '5.1.1',
316 silly addNameRange     '5.2.0',
316 silly addNameRange     '6.0.0',
316 silly addNameRange     '6.0.1',
316 silly addNameRange     '6.0.2',
316 silly addNameRange     '6.0.3',
316 silly addNameRange     '6.1.0',
316 silly addNameRange     '6.1.1',
316 silly addNameRange     '6.1.2',
316 silly addNameRange     '6.2.0',
316 silly addNameRange     '6.2.1',
316 silly addNameRange     '6.2.2',
316 silly addNameRange     '6.2.3',
316 silly addNameRange     '6.3.0',
316 silly addNameRange     '6.3.1',
316 silly addNameRange     '6.3.2',
316 silly addNameRange     '6.3.3',
316 silly addNameRange     '6.3.4',
316 silly addNameRange     '6.3.5',
316 silly addNameRange     '6.3.6' ] ]
317 verbose addNamed [ 'autoprefixer', '6.3.6' ]
318 verbose addNamed [ '6.3.6', '6.3.6' ]
319 silly lockFile 2a836cfb-autoprefixer-6-3-6 autoprefixer@6.3.6
320 verbose lock autoprefixer@6.3.6 /Users/l0k1/.npm/2a836cfb-autoprefixer-6-3-6.lock
321 silly lockFile b46f40d4-js-org-cssnano-cssnano-3-6-2-tgz https://registry.npmjs.org/cssnano/-/cssnano-3.6.2.tgz
322 verbose lock https://registry.npmjs.org/cssnano/-/cssnano-3.6.2.tgz /Users/l0k1/.npm/b46f40d4-js-org-cssnano-cssnano-3-6-2-tgz.lock
323 silly lockFile 60388f57-oprefixer-autoprefixer-6-3-6-tgz https://registry.npmjs.org/autoprefixer/-/autoprefixer-6.3.6.tgz
324 verbose lock https://registry.npmjs.org/autoprefixer/-/autoprefixer-6.3.6.tgz /Users/l0k1/.npm/60388f57-oprefixer-autoprefixer-6-3-6-tgz.lock
325 silly lockFile 08049756-grunt-contrib-watch-0-6-1 grunt-contrib-watch@0.6.1
326 silly lockFile 08049756-grunt-contrib-watch-0-6-1 grunt-contrib-watch@0.6.1
327 silly lockFile 224b1ece-grunt-contrib-watch-0-6-1 grunt-contrib-watch@^0.6.1
328 silly lockFile 224b1ece-grunt-contrib-watch-0-6-1 grunt-contrib-watch@^0.6.1
329 verbose addRemoteTarball [ 'https://registry.npmjs.org/cssnano/-/cssnano-3.6.2.tgz',
329 verbose addRemoteTarball   'cd3058ace4b266b516738c43158bc77a872b267c' ]
330 verbose addRemoteTarball [ 'https://registry.npmjs.org/autoprefixer/-/autoprefixer-6.3.6.tgz',
330 verbose addRemoteTarball   'de772e1fcda08dce0e992cecf79252d5f008e367' ]
331 info retry fetch attempt 1 at 23:10:28
332 verbose fetch to= /var/folders/8p/n5m4p8jx5cs16g2xs_yhqxwh0000gn/T/npm-10253-WBxpp9-H/registry.npmjs.org/autoprefixer/-/autoprefixer-6.3.6.tgz
333 info retry fetch attempt 1 at 23:10:28
334 verbose fetch to= /var/folders/8p/n5m4p8jx5cs16g2xs_yhqxwh0000gn/T/npm-10253-WBxpp9-H/registry.npmjs.org/cssnano/-/cssnano-3.6.2.tgz
335 http GET https://registry.npmjs.org/autoprefixer/-/autoprefixer-6.3.6.tgz
336 http GET https://registry.npmjs.org/cssnano/-/cssnano-3.6.2.tgz
337 http 200 https://registry.npmjs.org/cssnext
338 silly registry.get cb [ 200,
338 silly registry.get   { server: 'CouchDB/1.5.0 (Erlang OTP/R16B03)',
338 silly registry.get     etag: '"CJ5DL13IUDGO3125D4B6X280"',
338 silly registry.get     'content-type': 'application/json',
338 silly registry.get     'content-encoding': 'gzip',
338 silly registry.get     'cache-control': 'max-age=300',
338 silly registry.get     'content-length': '11482',
338 silly registry.get     'accept-ranges': 'bytes',
338 silly registry.get     date: 'Wed, 18 May 2016 20:10:28 GMT',
338 silly registry.get     via: '1.1 varnish',
338 silly registry.get     age: '0',
338 silly registry.get     connection: 'keep-alive',
338 silly registry.get     'x-served-by': 'cache-fra1231-FRA',
338 silly registry.get     'x-cache': 'HIT',
338 silly registry.get     'x-cache-hits': '1',
338 silly registry.get     'x-timer': 'S1463602228.488327,VS0,VE193',
338 silly registry.get     vary: 'Accept-Encoding' } ]
339 http 304 https://registry.npmjs.org/grunt-postcss
340 silly registry.get cb [ 304,
340 silly registry.get   { date: 'Wed, 18 May 2016 20:10:28 GMT',
340 silly registry.get     via: '1.1 varnish',
340 silly registry.get     'cache-control': 'max-age=300',
340 silly registry.get     etag: '"8GHQAYEUQ89ETS4CP4CQ877FH"',
340 silly registry.get     age: '0',
340 silly registry.get     connection: 'keep-alive',
340 silly registry.get     'x-served-by': 'cache-fra1245-FRA',
340 silly registry.get     'x-cache': 'HIT',
340 silly registry.get     'x-cache-hits': '1',
340 silly registry.get     'x-timer': 'S1463602228.584089,VS0,VE112',
340 silly registry.get     vary: 'Accept-Encoding' } ]
341 verbose etag https://registry.npmjs.org/grunt-postcss from cache
342 silly addNameRange number 2 { name: 'cssnext', range: '>=1.8.4-0 <2.0.0-0', hasData: true }
343 silly addNameRange versions [ 'cssnext',
343 silly addNameRange   [ '0.0.0',
343 silly addNameRange     '0.1.0',
343 silly addNameRange     '0.2.0',
343 silly addNameRange     '0.2.1',
343 silly addNameRange     '0.2.2',
343 silly addNameRange     '0.2.3',
343 silly addNameRange     '0.3.0',
343 silly addNameRange     '0.3.1',
343 silly addNameRange     '0.4.0',
343 silly addNameRange     '0.4.1',
343 silly addNameRange     '0.4.2',
343 silly addNameRange     '0.4.3',
343 silly addNameRange     '0.4.4',
343 silly addNameRange     '0.5.0',
343 silly addNameRange     '0.6.0',
343 silly addNameRange     '0.6.1',
343 silly addNameRange     '0.6.2',
343 silly addNameRange     '0.6.3',
343 silly addNameRange     '0.6.4',
343 silly addNameRange     '0.6.5',
343 silly addNameRange     '0.6.6',
343 silly addNameRange     '1.0.0',
343 silly addNameRange     '1.0.1',
343 silly addNameRange     '1.1.0',
343 silly addNameRange     '1.2.0',
343 silly addNameRange     '1.2.1',
343 silly addNameRange     '1.2.2',
343 silly addNameRange     '1.2.3',
343 silly addNameRange     '1.3.0',
343 silly addNameRange     '1.3.1',
343 silly addNameRange     '1.4.0',
343 silly addNameRange     '1.5.0',
343 silly addNameRange     '1.5.1',
343 silly addNameRange     '1.5.2',
343 silly addNameRange     '1.6.0',
343 silly addNameRange     '1.7.0',
343 silly addNameRange     '1.7.1',
343 silly addNameRange     '1.8.0',
343 silly addNameRange     '1.8.1',
343 silly addNameRange     '1.8.2',
343 silly addNameRange     '1.8.3',
343 silly addNameRange     '1.8.4' ] ]
344 verbose addNamed [ 'cssnext', '1.8.4' ]
345 verbose addNamed [ '1.8.4', '1.8.4' ]
346 silly lockFile 11ec0622-cssnext-1-8-4 cssnext@1.8.4
347 verbose lock cssnext@1.8.4 /Users/l0k1/.npm/11ec0622-cssnext-1-8-4.lock
348 http 200 https://registry.npmjs.org/grunt-cli/-/grunt-cli-1.2.0.tgz
349 warn deprecated cssnext@1.8.4: cssnext is now postcss-cssnext. cssnext is deprecated. See postcss-cssnext migration guide http://cssnext.io/postcss/
350 silly addNameRange number 2 { name: 'grunt-postcss',
350 silly addNameRange   range: '>=0.7.1-0 <0.8.0-0',
350 silly addNameRange   hasData: true }
351 silly addNameRange versions [ 'grunt-postcss',
351 silly addNameRange   [ '0.1.0',
351 silly addNameRange     '0.2.0',
351 silly addNameRange     '0.3.0',
351 silly addNameRange     '0.4.0',
351 silly addNameRange     '0.5.0',
351 silly addNameRange     '0.5.1',
351 silly addNameRange     '0.5.2',
351 silly addNameRange     '0.5.3',
351 silly addNameRange     '0.5.4',
351 silly addNameRange     '0.5.5',
351 silly addNameRange     '0.6.0',
351 silly addNameRange     '0.7.0',
351 silly addNameRange     '0.7.1',
351 silly addNameRange     '0.7.2',
351 silly addNameRange     '0.8.0' ] ]
352 verbose addNamed [ 'grunt-postcss', '0.7.2' ]
353 verbose addNamed [ '0.7.2', '0.7.2' ]
354 silly lockFile c549a38d-grunt-postcss-0-7-2 grunt-postcss@0.7.2
355 verbose lock grunt-postcss@0.7.2 /Users/l0k1/.npm/c549a38d-grunt-postcss-0-7-2.lock
356 silly lockFile 11ec0622-cssnext-1-8-4 cssnext@1.8.4
357 silly lockFile 11ec0622-cssnext-1-8-4 cssnext@1.8.4
358 silly lockFile e0e7037c-cssnext-1-8-4 cssnext@^1.8.4
359 silly lockFile e0e7037c-cssnext-1-8-4 cssnext@^1.8.4
360 silly lockFile c549a38d-grunt-postcss-0-7-2 grunt-postcss@0.7.2
361 silly lockFile c549a38d-grunt-postcss-0-7-2 grunt-postcss@0.7.2
362 silly lockFile 761cf465-grunt-postcss-0-7-1 grunt-postcss@^0.7.1
363 silly lockFile 761cf465-grunt-postcss-0-7-1 grunt-postcss@^0.7.1
364 silly lockFile 26cc79a9-rg-grunt-cli-grunt-cli-1-2-0-tgz https://registry.npmjs.org/grunt-cli/-/grunt-cli-1.2.0.tgz
365 silly lockFile 26cc79a9-rg-grunt-cli-grunt-cli-1-2-0-tgz https://registry.npmjs.org/grunt-cli/-/grunt-cli-1.2.0.tgz
366 silly lockFile 923e46ff-grunt-cli-1-2-0 grunt-cli@1.2.0
367 silly lockFile 923e46ff-grunt-cli-1-2-0 grunt-cli@1.2.0
368 silly lockFile 4ee3e357-grunt-cli-1-1-0 grunt-cli@^1.1.0
369 silly lockFile 4ee3e357-grunt-cli-1-1-0 grunt-cli@^1.1.0
370 http 200 https://registry.npmjs.org/grunt-newer/-/grunt-newer-1.2.0.tgz
371 silly lockFile ccbc9911-runt-newer-grunt-newer-1-2-0-tgz https://registry.npmjs.org/grunt-newer/-/grunt-newer-1.2.0.tgz
372 silly lockFile ccbc9911-runt-newer-grunt-newer-1-2-0-tgz https://registry.npmjs.org/grunt-newer/-/grunt-newer-1.2.0.tgz
373 silly lockFile aa8104b1-grunt-newer-1-2-0 grunt-newer@1.2.0
374 silly lockFile aa8104b1-grunt-newer-1-2-0 grunt-newer@1.2.0
375 silly lockFile 18a54ec9-grunt-newer-1-1-1 grunt-newer@^1.1.1
376 silly lockFile 18a54ec9-grunt-newer-1-1-1 grunt-newer@^1.1.1
377 http 200 https://registry.npmjs.org/cssnano/-/cssnano-3.6.2.tgz
378 silly lockFile b46f40d4-js-org-cssnano-cssnano-3-6-2-tgz https://registry.npmjs.org/cssnano/-/cssnano-3.6.2.tgz
379 silly lockFile b46f40d4-js-org-cssnano-cssnano-3-6-2-tgz https://registry.npmjs.org/cssnano/-/cssnano-3.6.2.tgz
380 silly lockFile 2204a2d8-cssnano-3-6-2 cssnano@3.6.2
381 silly lockFile 2204a2d8-cssnano-3-6-2 cssnano@3.6.2
382 silly lockFile 5c6162f0-cssnano-3-4-0 cssnano@^3.4.0
383 silly lockFile 5c6162f0-cssnano-3-4-0 cssnano@^3.4.0
384 http 200 https://registry.npmjs.org/autoprefixer/-/autoprefixer-6.3.6.tgz
385 silly lockFile 60388f57-oprefixer-autoprefixer-6-3-6-tgz https://registry.npmjs.org/autoprefixer/-/autoprefixer-6.3.6.tgz
386 silly lockFile 60388f57-oprefixer-autoprefixer-6-3-6-tgz https://registry.npmjs.org/autoprefixer/-/autoprefixer-6.3.6.tgz
387 silly lockFile 2a836cfb-autoprefixer-6-3-6 autoprefixer@6.3.6
388 silly lockFile 2a836cfb-autoprefixer-6-3-6 autoprefixer@6.3.6
389 silly lockFile 6f91da1f-autoprefixer-6-3-1 autoprefixer@^6.3.1
390 silly lockFile 6f91da1f-autoprefixer-6-3-1 autoprefixer@^6.3.1
391 error Error: EACCES, mkdir '/Users/l0k1/.npm/cssnano/3.6.2'
391 error  { [Error: EACCES, mkdir '/Users/l0k1/.npm/cssnano/3.6.2']
391 error   errno: 3,
391 error   code: 'EACCES',
391 error   path: '/Users/l0k1/.npm/cssnano/3.6.2',
391 error   parent: 'ts3words' }
392 error Please try running this command again as root/Administrator.
393 error System Darwin 14.5.0
394 error command "node" "/usr/local/bin/npm" "install"
395 error cwd /Users/l0k1/Documents/WebProjects/ts3words
396 error node -v v0.10.32
397 error npm -v 1.4.28
398 error path /Users/l0k1/.npm/cssnano/3.6.2
399 error code EACCES
400 error errno 3
401 error stack Error: EACCES, mkdir '/Users/l0k1/.npm/cssnano/3.6.2'
402 verbose exit [ 3, true ]
